# JRE version: OpenJDK Runtime Environment (8.0_152-b01) (build 1.8.0_152-release-915-b01)
# Java VM: OpenJDK 64-Bit Server VM (25.152-b01 mixed mode windows-amd64 compressed oops)
Heap:
 PSYoungGen      total 145920K, used 113699K [0x00000000e0000000, 0x00000000eca00000, 0x0000000100000000)
  eden space 123392K, 92% used [0x00000000e0000000,0x00000000e6f08d20,0x00000000e7880000)
  from space 22528K, 0% used [0x00000000e7880000,0x00000000e7880000,0x00000000e8e80000)
  to   space 23040K, 0% used [0x00000000eb380000,0x00000000eb380000,0x00000000eca00000)
 ParOldGen       total 104960K, used 47734K [0x00000000a0000000, 0x00000000a6680000, 0x00000000e0000000)
  object space 104960K, 45% used [0x00000000a0000000,0x00000000a2e9db78,0x00000000a6680000)
 Metaspace       used 60787K, capacity 63640K, committed 63744K, reserved 1103872K
  class space    used 8150K, capacity 8866K, committed 8960K, reserved 1048576K
GC Heap History (10 events):
Event: 34.898 GC heap before
{Heap before GC invocations=16 (full 2):
 PSYoungGen      total 83456K, used 83437K [0x00000000e0000000, 0x00000000e7380000, 0x0000000100000000)
  eden space 72704K, 100% used [0x00000000e0000000,0x00000000e4700000,0x00000000e4700000)
  from space 10752K, 99% used [0x00000000e4700000,0x00000000e517b788,0x00000000e5180000)
  to   space 12800K, 0% used [0x00000000e6700000,0x00000000e6700000,0x00000000e7380000)
 ParOldGen       total 59392K, used 17704K [0x00000000a0000000, 0x00000000a3a00000, 0x00000000e0000000)
  object space 59392K, 29% used [0x00000000a0000000,0x00000000a114a218,0x00000000a3a00000)
 Metaspace       used 49262K, capacity 50730K, committed 50944K, reserved 1093632K
  class space    used 6640K, capacity 7061K, committed 7168K, reserved 1048576K
Event: 34.920 GC heap after
Heap after GC invocations=16 (full 2):
 PSYoungGen      total 103424K, used 12777K [0x00000000e0000000, 0x00000000e7b00000, 0x0000000100000000)
  eden space 90624K, 0% used [0x00000000e0000000,0x00000000e0000000,0x00000000e5880000)
  from space 12800K, 99% used [0x00000000e6700000,0x00000000e737a4b0,0x00000000e7380000)
  to   space 14848K, 0% used [0x00000000e5880000,0x00000000e5880000,0x00000000e6700000)
 ParOldGen       total 59392K, used 18703K [0x00000000a0000000, 0x00000000a3a00000, 0x00000000e0000000)
  object space 59392K, 31% used [0x00000000a0000000,0x00000000a1243c98,0x00000000a3a00000)
 Metaspace       used 49262K, capacity 50730K, committed 50944K, reserved 1093632K
  class space    used 6640K, capacity 7061K, committed 7168K, reserved 1048576K
}
Event: 36.392 GC heap before
{Heap before GC invocations=17 (full 2):
 PSYoungGen      total 103424K, used 103401K [0x00000000e0000000, 0x00000000e7b00000, 0x0000000100000000)
  eden space 90624K, 100% used [0x00000000e0000000,0x00000000e5880000,0x00000000e5880000)
  from space 12800K, 99% used [0x00000000e6700000,0x00000000e737a4b0,0x00000000e7380000)
  to   space 14848K, 0% used [0x00000000e5880000,0x00000000e5880000,0x00000000e6700000)
 ParOldGen       total 59392K, used 18703K [0x00000000a0000000, 0x00000000a3a00000, 0x00000000e0000000)
  object space 59392K, 31% used [0x00000000a0000000,0x00000000a1243c98,0x00000000a3a00000)
 Metaspace       used 53497K, capacity 55320K, committed 55552K, reserved 1097728K
  class space    used 7336K, capacity 7823K, committed 7936K, reserved 1048576K
Event: 36.431 GC heap after
Heap after GC invocations=17 (full 2):
 PSYoungGen      total 105472K, used 14845K [0x00000000e0000000, 0x00000000ea180000, 0x0000000100000000)
  eden space 90624K, 0% used [0x00000000e0000000,0x00000000e0000000,0x00000000e5880000)
  from space 14848K, 99% used [0x00000000e5880000,0x00000000e66ff4e0,0x00000000e6700000)
  to   space 19456K, 0% used [0x00000000e8e80000,0x00000000e8e80000,0x00000000ea180000)
 ParOldGen       total 59392K, used 25293K [0x00000000a0000000, 0x00000000a3a00000, 0x00000000e0000000)
  object space 59392K, 42% used [0x00000000a0000000,0x00000000a18b3750,0x00000000a3a00000)
 Metaspace       used 53497K, capacity 55320K, committed 55552K, reserved 1097728K
  class space    used 7336K, capacity 7823K, committed 7936K, reserved 1048576K
}
Event: 37.437 GC heap before
{Heap before GC invocations=18 (full 2):
 PSYoungGen      total 105472K, used 105469K [0x00000000e0000000, 0x00000000ea180000, 0x0000000100000000)
  eden space 90624K, 100% used [0x00000000e0000000,0x00000000e5880000,0x00000000e5880000)
  from space 14848K, 99% used [0x00000000e5880000,0x00000000e66ff4e0,0x00000000e6700000)
  to   space 19456K, 0% used [0x00000000e8e80000,0x00000000e8e80000,0x00000000ea180000)
 ParOldGen       total 59392K, used 25293K [0x00000000a0000000, 0x00000000a3a00000, 0x00000000e0000000)
  object space 59392K, 42% used [0x00000000a0000000,0x00000000a18b3750,0x00000000a3a00000)
 Metaspace       used 54633K, capacity 56770K, committed 57088K, reserved 1097728K
  class space    used 7537K, capacity 8078K, committed 8192K, reserved 1048576K
Event: 37.503 GC heap after
Heap after GC invocations=18 (full 2):
 PSYoungGen      total 142848K, used 18944K [0x00000000e0000000, 0x00000000eaf00000, 0x0000000100000000)
  eden space 123392K, 0% used [0x00000000e0000000,0x00000000e0000000,0x00000000e7880000)
  from space 19456K, 97% used [0x00000000e8e80000,0x00000000ea1001e8,0x00000000ea180000)
  to   space 22528K, 0% used [0x00000000e7880000,0x00000000e7880000,0x00000000e8e80000)
 ParOldGen       total 59392K, used 32377K [0x00000000a0000000, 0x00000000a3a00000, 0x00000000e0000000)
  object space 59392K, 54% used [0x00000000a0000000,0x00000000a1f9e650,0x00000000a3a00000)
 Metaspace       used 54633K, capacity 56770K, committed 57088K, reserved 1097728K
  class space    used 7537K, capacity 8078K, committed 8192K, reserved 1048576K
}
Event: 44.575 GC heap before
{Heap before GC invocations=19 (full 2):
 PSYoungGen      total 142848K, used 83208K [0x00000000e0000000, 0x00000000eaf00000, 0x0000000100000000)
  eden space 123392K, 52% used [0x00000000e0000000,0x00000000e3ec2060,0x00000000e7880000)
  from space 19456K, 97% used [0x00000000e8e80000,0x00000000ea1001e8,0x00000000ea180000)
  to   space 22528K, 0% used [0x00000000e7880000,0x00000000e7880000,0x00000000e8e80000)
 ParOldGen       total 59392K, used 32377K [0x00000000a0000000, 0x00000000a3a00000, 0x00000000e0000000)
  object space 59392K, 54% used [0x00000000a0000000,0x00000000a1f9e650,0x00000000a3a00000)
 Metaspace       used 56467K, capacity 58900K, committed 59028K, reserved 1099776K
  class space    used 7724K, capacity 8330K, committed 8448K, reserved 1048576K
Event: 44.608 GC heap after
Heap after GC invocations=19 (full 2):
 PSYoungGen      total 145920K, used 14839K [0x00000000e0000000, 0x00000000eca00000, 0x0000000100000000)
  eden space 123392K, 0% used [0x00000000e0000000,0x00000000e0000000,0x00000000e7880000)
  from space 22528K, 65% used [0x00000000e7880000,0x00000000e86fdd18,0x00000000e8e80000)
  to   space 23040K, 0% used [0x00000000eb380000,0x00000000eb380000,0x00000000eca00000)
 ParOldGen       total 59392K, used 40162K [0x00000000a0000000, 0x00000000a3a00000, 0x00000000e0000000)
  object space 59392K, 67% used [0x00000000a0000000,0x00000000a2738b78,0x00000000a3a00000)
 Metaspace       used 56467K, capacity 58900K, committed 59028K, reserved 1099776K
  class space    used 7724K, capacity 8330K, committed 8448K, reserved 1048576K
}
Event: 44.608 GC heap before
{Heap before GC invocations=20 (full 3):
 PSYoungGen      total 145920K, used 14839K [0x00000000e0000000, 0x00000000eca00000, 0x0000000100000000)
  eden space 123392K, 0% used [0x00000000e0000000,0x00000000e0000000,0x00000000e7880000)
  from space 22528K, 65% used [0x00000000e7880000,0x00000000e86fdd18,0x00000000e8e80000)
  to   space 23040K, 0% used [0x00000000eb380000,0x00000000eb380000,0x00000000eca00000)
 ParOldGen       total 59392K, used 40162K [0x00000000a0000000, 0x00000000a3a00000, 0x00000000e0000000)
  object space 59392K, 67% used [0x00000000a0000000,0x00000000a2738b78,0x00000000a3a00000)
 Metaspace       used 56467K, capacity 58900K, committed 59028K, reserved 1099776K
  class space    used 7724K, capacity 8330K, committed 8448K, reserved 1048576K
Event: 45.033 GC heap after
Heap after GC invocations=20 (full 3):
 PSYoungGen      total 145920K, used 0K [0x00000000e0000000, 0x00000000eca00000, 0x0000000100000000)
  eden space 123392K, 0% used [0x00000000e0000000,0x00000000e0000000,0x00000000e7880000)
  from space 22528K, 0% used [0x00000000e7880000,0x00000000e7880000,0x00000000e8e80000)
  to   space 23040K, 0% used [0x00000000eb380000,0x00000000eb380000,0x00000000eca00000)
 ParOldGen       total 104960K, used 47734K [0x00000000a0000000, 0x00000000a6680000, 0x00000000e0000000)
  object space 104960K, 45% used [0x00000000a0000000,0x00000000a2e9db78,0x00000000a6680000)
 Metaspace       used 56467K, capacity 58900K, committed 59028K, reserved 1099776K
  class space    used 7724K, capacity 8330K, committed 8448K, reserved 1048576K
}

